2025-04-04 11:00:36.516543 - Received CBT.V508.FILE515.PDS from FILE515.XMI 
2025-04-04 11:00:36.517921 - Found $$$#DATE.txt (text/plain) in CBT.V508.FILE515.PDS, moved to PDS/$$$#DATE
2025-04-04 11:00:36.518072 - Found $README.txt (text/plain) in CBT.V508.FILE515.PDS, moved to PDS/$README
2025-04-04 11:00:36.518221 - Found ##NOTE.txt (text/plain) in CBT.V508.FILE515.PDS, moved to PDS/##NOTE
2025-04-04 11:00:36.518370 - Found @CSR.txt (text/plain) in CBT.V508.FILE515.PDS, moved to PDS/@CSR
2025-04-04 11:00:36.518496 - Found @FILE515.txt (text/plain) in CBT.V508.FILE515.PDS, moved to PDS/@FILE515
2025-04-04 11:00:36.518630 - Found ASM@CSR.jcl (text/plain) in CBT.V508.FILE515.PDS, moved to PDS/ASM@CSR
2025-04-04 11:00:36.518769 - Found ASMDEQ.jcl (text/plain) in CBT.V508.FILE515.PDS, moved to PDS/ASMDEQ
2025-04-04 11:00:36.518894 - Found ASMENQ.jcl (text/plain) in CBT.V508.FILE515.PDS, moved to PDS/ASMENQ
2025-04-04 11:00:36.519013 - Found ASMSLEEP.jcl (text/plain) in CBT.V508.FILE515.PDS, moved to PDS/ASMSLEEP
2025-04-04 11:00:36.519143 - Found ASMSPFP.jcl (text/plain) in CBT.V508.FILE515.PDS, moved to PDS/ASMSPFP
2025-04-04 11:00:36.519260 - Found ASMWTOR.jcl (text/plain) in CBT.V508.FILE515.PDS, moved to PDS/ASMWTOR
2025-04-04 11:00:36.519377 - Found ASMXL.jcl (text/plain) in CBT.V508.FILE515.PDS, moved to PDS/ASMXL
2025-04-04 11:00:36.519497 - Found AXBASML.txt (text/plain) in CBT.V508.FILE515.PDS, moved to PDS/AXBASML
2025-04-04 11:00:36.519627 - Found LGN@ENT.txt (text/plain) in CBT.V508.FILE515.PDS, moved to PDS/LGN@ENT
2025-04-04 11:00:36.519744 - Found LGN@RET.txt (text/plain) in CBT.V508.FILE515.PDS, moved to PDS/LGN@RET
2025-04-04 11:00:36.519874 - Found LGNASML.txt (text/plain) in CBT.V508.FILE515.PDS, moved to PDS/LGNASML
2025-04-04 11:00:36.520025 - Found LGNSPF.txt (text/plain) in CBT.V508.FILE515.PDS, moved to PDS/LGNSPF
2025-04-04 11:00:36.520153 - Found LGNSRCH.txt (text/plain) in CBT.V508.FILE515.PDS, moved to PDS/LGNSRCH
2025-04-04 11:00:36.520280 - Found LGNUDEFD.txt (text/plain) in CBT.V508.FILE515.PDS, moved to PDS/LGNUDEFD
2025-04-04 11:00:36.520431 - Found LGNUDEFE.txt (text/plain) in CBT.V508.FILE515.PDS, moved to PDS/LGNUDEFE
2025-04-04 11:00:36.520557 - Found LGNUDEFN.txt (text/plain) in CBT.V508.FILE515.PDS, moved to PDS/LGNUDEFN
2025-04-04 11:00:36.520679 - Found LGNUDEFP.txt (text/plain) in CBT.V508.FILE515.PDS, moved to PDS/LGNUDEFP
2025-04-04 11:00:36.520800 - Found RLTPLST.txt (text/plain) in CBT.V508.FILE515.PDS, moved to PDS/RLTPLST
2025-04-04 11:00:36.520942 - Found RLTSUB.txt (text/plain) in CBT.V508.FILE515.PDS, moved to PDS/RLTSUB
2025-04-04 11:00:36.521117 - Found RXDEQ.txt (text/plain) in CBT.V508.FILE515.PDS, moved to PDS/RXDEQ
2025-04-04 11:00:36.521239 - Found RXENQ.txt (text/plain) in CBT.V508.FILE515.PDS, moved to PDS/RXENQ
2025-04-04 11:00:36.521357 - Found RXWTOR.txt (text/plain) in CBT.V508.FILE515.PDS, moved to PDS/RXWTOR
2025-04-04 11:00:36.521475 - Found SLEEP.txt (text/plain) in CBT.V508.FILE515.PDS, moved to PDS/SLEEP
2025-04-04 11:00:36.521591 - Found SPFDOC.txt (text/plain) in CBT.V508.FILE515.PDS, moved to PDS/SPFDOC
2025-04-04 11:00:36.521714 - Found XL.txt (text/plain) in CBT.V508.FILE515.PDS, moved to PDS/XL
